<?xml version="1.0" encoding="UTF-8"?>
<!-- Generated by org.testng.reporters.JUnitXMLReporter -->
<testsuite ignored="0" hostname="DESKTOP-L4DGINJ" failures="0" tests="11" name="Surefire test" time="11.698" errors="0" timestamp="2023-09-23T13:24:38 IST">
  <testcase classname="package_1_BasicPrograms.MouseHoverTest" name="@BeforeTest beforeTest" time="4.112">
    <failure type="org.openqa.selenium.NoSuchWindowException" message="no such window: target window already closed
from unknown error: web view not found
  (Session info: chrome=117.0.5938.89)
Build info: version: &amp;apos;4.11.0&amp;apos;, revision: &amp;apos;040bc5406b&amp;apos;
System info: os.name: &amp;apos;Windows 10&amp;apos;, os.arch: &amp;apos;amd64&amp;apos;, os.version: &amp;apos;10.0&amp;apos;, java.version: &amp;apos;20.0.2&amp;apos;
Driver info: org.openqa.selenium.chrome.ChromeDriver
Command: [14d1b50a24056af22d9e338a4ab73d60, maximizeCurrentWindow {}]
Capabilities {acceptInsecureCerts: false, browserName: chrome, browserVersion: 117.0.5938.89, chrome: {chromedriverVersion: 117.0.5938.92 (67649b10b92b..., userDataDir: C:\Users\PRATIK~1\AppData\L...}, fedcm:accounts: true, goog:chromeOptions: {debuggerAddress: localhost:53725}, networkConnectionEnabled: false, pageLoadStrategy: normal, platformName: windows, proxy: Proxy(), se:cdp: ws://localhost:53725/devtoo..., se:cdpVersion: 117.0.5938.89, setWindowRect: true, strictFileInteractability: false, timeouts: {implicit: 0, pageLoad: 300000, script: 30000}, unhandledPromptBehavior: dismiss and notify, webauthn:extension:credBlob: true, webauthn:extension:largeBlob: true, webauthn:extension:minPinLength: true, webauthn:extension:prf: true, webauthn:virtualAuthenticators: true}
Session ID: 14d1b50a24056af22d9e338a4ab73d60">
      <![CDATA[org.openqa.selenium.NoSuchWindowException: no such window: target window already closed
from unknown error: web view not found
  (Session info: chrome=117.0.5938.89)
Build info: version: '4.11.0', revision: '040bc5406b'
System info: os.name: 'Windows 10', os.arch: 'amd64', os.version: '10.0', java.version: '20.0.2'
Driver info: org.openqa.selenium.chrome.ChromeDriver
Command: [14d1b50a24056af22d9e338a4ab73d60, maximizeCurrentWindow {}]
Capabilities {acceptInsecureCerts: false, browserName: chrome, browserVersion: 117.0.5938.89, chrome: {chromedriverVersion: 117.0.5938.92 (67649b10b92b..., userDataDir: C:\Users\PRATIK~1\AppData\L...}, fedcm:accounts: true, goog:chromeOptions: {debuggerAddress: localhost:53725}, networkConnectionEnabled: false, pageLoadStrategy: normal, platformName: windows, proxy: Proxy(), se:cdp: ws://localhost:53725/devtoo..., se:cdpVersion: 117.0.5938.89, setWindowRect: true, strictFileInteractability: false, timeouts: {implicit: 0, pageLoad: 300000, script: 30000}, unhandledPromptBehavior: dismiss and notify, webauthn:extension:credBlob: true, webauthn:extension:largeBlob: true, webauthn:extension:minPinLength: true, webauthn:extension:prf: true, webauthn:virtualAuthenticators: true}
Session ID: 14d1b50a24056af22d9e338a4ab73d60
at org.openqa.selenium.remote.codec.w3c.W3CHttpResponseCodec.createException(W3CHttpResponseCodec.java:200)
at org.openqa.selenium.remote.codec.w3c.W3CHttpResponseCodec.decode(W3CHttpResponseCodec.java:133)
at org.openqa.selenium.remote.codec.w3c.W3CHttpResponseCodec.decode(W3CHttpResponseCodec.java:52)
at org.openqa.selenium.remote.HttpCommandExecutor.execute(HttpCommandExecutor.java:191)
at org.openqa.selenium.remote.service.DriverCommandExecutor.invokeExecute(DriverCommandExecutor.java:196)
at org.openqa.selenium.remote.service.DriverCommandExecutor.execute(DriverCommandExecutor.java:171)
at org.openqa.selenium.remote.RemoteWebDriver.execute(RemoteWebDriver.java:518)
at org.openqa.selenium.remote.RemoteWebDriver.execute(RemoteWebDriver.java:591)
at org.openqa.selenium.remote.RemoteWebDriver.execute(RemoteWebDriver.java:595)
at org.openqa.selenium.remote.RemoteWebDriver$RemoteWebDriverOptions$RemoteWindow.maximize(RemoteWebDriver.java:978)
at package_2_mainFunctanalities.MainLogin.setUp(MainLogin.java:23)
at package_1_BasicPrograms.MouseHoverTest.beforeTest(MouseHoverTest.java:18)
... Removed 30 stack frames]]>
    </failure>
  </testcase> <!-- @BeforeTest beforeTest -->
  <testcase classname="package_1_BasicPrograms.RegistrationPageTest" name="@BeforeTest beforeTest" time="0.0">
    <skipped/>
  </testcase> <!-- @BeforeTest beforeTest -->
  <testcase classname="package_1_BasicPrograms.UrlVerificationTest" name="@BeforeTest beforeTest" time="0.0">
    <skipped/>
  </testcase> <!-- @BeforeTest beforeTest -->
  <testcase classname="package_1_BasicPrograms.WebPageTitleVerificationTest" name="@BeforeTest beforeTest" time="0.0">
    <skipped/>
  </testcase> <!-- @BeforeTest beforeTest -->
  <testcase classname="package_2_mainFunctanalities.AccountPageMenuTest" name="@BeforeTest beforeTest" time="0.0">
    <skipped/>
  </testcase> <!-- @BeforeTest beforeTest -->
  <testcase classname="package_2_mainFunctanalities.CartPageTest" name="@BeforeTest beforeTest" time="0.0">
    <skipped/>
  </testcase> <!-- @BeforeTest beforeTest -->
  <testcase classname="package_2_mainFunctanalities.CheckoutPageTest" name="@BeforeTest beforeTest" time="0.0">
    <skipped/>
  </testcase> <!-- @BeforeTest beforeTest -->
  <testcase classname="package_2_mainFunctanalities.OrderProductTest" name="@BeforeTest beforeTest" time="0.0">
    <skipped/>
  </testcase> <!-- @BeforeTest beforeTest -->
  <testcase classname="package_2_mainFunctanalities.SpecialsPageTest" name="@BeforeTest beforeTest" time="0.0">
    <skipped/>
  </testcase> <!-- @BeforeTest beforeTest -->
  <testcase classname="package_3_POM_TestCases.LoginPageTest" name="@BeforeTest beforeTest" time="0.0">
    <skipped/>
  </testcase> <!-- @BeforeTest beforeTest -->
  <testcase classname="package_1_BasicPrograms.LoginLogoutUsingJOptionPaneTest" name="@AfterTest close" time="0.0">
    <skipped/>
  </testcase> <!-- @AfterTest close -->
  <testcase classname="package_1_BasicPrograms.MouseHoverTest" name="@AfterTest close" time="0.0">
    <skipped/>
  </testcase> <!-- @AfterTest close -->
  <testcase classname="package_1_BasicPrograms.RegistrationPageTest" name="@AfterTest close" time="0.0">
    <skipped/>
  </testcase> <!-- @AfterTest close -->
  <testcase classname="package_1_BasicPrograms.UrlVerificationTest" name="@AfterTest close" time="0.0">
    <skipped/>
  </testcase> <!-- @AfterTest close -->
  <testcase classname="package_1_BasicPrograms.WebPageTitleVerificationTest" name="@AfterTest close" time="0.0">
    <skipped/>
  </testcase> <!-- @AfterTest close -->
  <testcase classname="package_2_mainFunctanalities.AccountPageMenuTest" name="@AfterTest close" time="0.0">
    <skipped/>
  </testcase> <!-- @AfterTest close -->
  <testcase classname="package_2_mainFunctanalities.CartPageTest" name="@AfterTest close" time="0.0">
    <skipped/>
  </testcase> <!-- @AfterTest close -->
  <testcase classname="package_2_mainFunctanalities.CheckoutPageTest" name="@AfterTest close" time="0.0">
    <skipped/>
  </testcase> <!-- @AfterTest close -->
  <testcase classname="package_2_mainFunctanalities.OrderProductTest" name="@AfterTest close" time="0.0">
    <skipped/>
  </testcase> <!-- @AfterTest close -->
  <testcase classname="package_2_mainFunctanalities.SpecialsPageTest" name="@AfterTest close" time="0.0">
    <skipped/>
  </testcase> <!-- @AfterTest close -->
  <testcase classname="package_3_POM_TestCases.LoginPageTest" name="@AfterTest close" time="0.0">
    <skipped/>
  </testcase> <!-- @AfterTest close -->
  <testcase classname="package_1_BasicPrograms.LoginLogoutUsingJOptionPaneTest" name="runTest" time="0.0">
    <skipped/>
  </testcase> <!-- runTest -->
  <testcase classname="package_1_BasicPrograms.MouseHoverTest" name="runTest" time="0.0">
    <skipped/>
  </testcase> <!-- runTest -->
  <testcase classname="package_1_BasicPrograms.RegistrationPageTest" name="runTest" time="0.0">
    <skipped/>
  </testcase> <!-- runTest -->
  <testcase classname="package_1_BasicPrograms.UrlVerificationTest" name="runTest" time="0.0">
    <skipped/>
  </testcase> <!-- runTest -->
  <testcase classname="package_1_BasicPrograms.WebPageTitleVerificationTest" name="runTest" time="0.0">
    <skipped/>
  </testcase> <!-- runTest -->
  <testcase classname="package_2_mainFunctanalities.AccountPageMenuTest" name="runTest" time="0.0">
    <skipped/>
  </testcase> <!-- runTest -->
  <testcase classname="package_2_mainFunctanalities.CartPageTest" name="runTest" time="0.0">
    <skipped/>
  </testcase> <!-- runTest -->
  <testcase classname="package_2_mainFunctanalities.CheckoutPageTest" name="runTest" time="0.0">
    <skipped/>
  </testcase> <!-- runTest -->
  <testcase classname="package_2_mainFunctanalities.OrderProductTest" name="runTest" time="0.0">
    <skipped/>
  </testcase> <!-- runTest -->
  <testcase classname="package_2_mainFunctanalities.SpecialsPageTest" name="runTest" time="0.0">
    <skipped/>
  </testcase> <!-- runTest -->
  <testcase classname="package_3_POM_TestCases.LoginPageTest" name="LoginTest" time="0.001">
    <skipped/>
  </testcase> <!-- LoginTest -->
</testsuite> <!-- Surefire test -->
